# JRE version: OpenJDK Runtime Environment (8.0_76-b03) (build 1.8.0_76-release-b03)
# Java VM: OpenJDK 64-Bit Server VM (25.76-b03 mixed mode linux-amd64 compressed oops)
Heap:
 PSYoungGen      total 218112K, used 0K [0x00000000e0000000, 0x00000000ef880000, 0x0000000100000000)
  eden space 189952K, 0% used [0x00000000e0000000,0x00000000e0000000,0x00000000eb980000)
  from space 28160K, 0% used [0x00000000ed780000,0x00000000ed780000,0x00000000ef300000)
  to   space 30720K, 0% used [0x00000000eb980000,0x00000000eb980000,0x00000000ed780000)
 ParOldGen       total 108032K, used 103245K [0x00000000a0000000, 0x00000000a6980000, 0x00000000e0000000)
  object space 108032K, 95% used [0x00000000a0000000,0x00000000a64d3630,0x00000000a6980000)
 Metaspace       used 62657K, capacity 64584K, committed 64896K, reserved 1105920K
  class space    used 8084K, capacity 8503K, committed 8576K, reserved 1048576K
GC Heap History (10 events):
Event: 84.507 GC heap after
Heap after GC invocations=29 (full 3):
 PSYoungGen      total 137728K, used 1634K [0x00000000e0000000, 0x00000000e9500000, 0x0000000100000000)
  eden space 124928K, 0% used [0x00000000e0000000,0x00000000e0000000,0x00000000e7a00000)
  from space 12800K, 12% used [0x00000000e8880000,0x00000000e8a18930,0x00000000e9500000)
  to   space 13824K, 0% used [0x00000000e7a00000,0x00000000e7a00000,0x00000000e8780000)
 ParOldGen       total 108032K, used 48514K [0x00000000a0000000, 0x00000000a6980000, 0x00000000e0000000)
  object space 108032K, 44% used [0x00000000a0000000,0x00000000a2f60a10,0x00000000a6980000)
 Metaspace       used 59300K, capacity 61090K, committed 61184K, reserved 1101824K
  class space    used 7763K, capacity 8135K, committed 8192K, reserved 1048576K
}
Event: 88.729 GC heap before
{Heap before GC invocations=30 (full 3):
 PSYoungGen      total 137728K, used 126562K [0x00000000e0000000, 0x00000000e9500000, 0x0000000100000000)
  eden space 124928K, 100% used [0x00000000e0000000,0x00000000e7a00000,0x00000000e7a00000)
  from space 12800K, 12% used [0x00000000e8880000,0x00000000e8a18930,0x00000000e9500000)
  to   space 13824K, 0% used [0x00000000e7a00000,0x00000000e7a00000,0x00000000e8780000)
 ParOldGen       total 108032K, used 48514K [0x00000000a0000000, 0x00000000a6980000, 0x00000000e0000000)
  object space 108032K, 44% used [0x00000000a0000000,0x00000000a2f60a10,0x00000000a6980000)
 Metaspace       used 62509K, capacity 64400K, committed 64640K, reserved 1105920K
  class space    used 8082K, capacity 8505K, committed 8576K, reserved 1048576K
Event: 88.765 GC heap after
Heap after GC invocations=30 (full 3):
 PSYoungGen      total 138752K, used 13797K [0x00000000e0000000, 0x00000000ebd00000, 0x0000000100000000)
  eden space 124928K, 0% used [0x00000000e0000000,0x00000000e0000000,0x00000000e7a00000)
  from space 13824K, 99% used [0x00000000e7a00000,0x00000000e87794d8,0x00000000e8780000)
  to   space 17408K, 0% used [0x00000000eac00000,0x00000000eac00000,0x00000000ebd00000)
 ParOldGen       total 108032K, used 51290K [0x00000000a0000000, 0x00000000a6980000, 0x00000000e0000000)
  object space 108032K, 47% used [0x00000000a0000000,0x00000000a3216a18,0x00000000a6980000)
 Metaspace       used 62509K, capacity 64400K, committed 64640K, reserved 1105920K
  class space    used 8082K, capacity 8505K, committed 8576K, reserved 1048576K
}
Event: 89.395 GC heap before
{Heap before GC invocations=31 (full 3):
 PSYoungGen      total 138752K, used 138725K [0x00000000e0000000, 0x00000000ebd00000, 0x0000000100000000)
  eden space 124928K, 100% used [0x00000000e0000000,0x00000000e7a00000,0x00000000e7a00000)
  from space 13824K, 99% used [0x00000000e7a00000,0x00000000e87794d8,0x00000000e8780000)
  to   space 17408K, 0% used [0x00000000eac00000,0x00000000eac00000,0x00000000ebd00000)
 ParOldGen       total 108032K, used 51290K [0x00000000a0000000, 0x00000000a6980000, 0x00000000e0000000)
  object space 108032K, 47% used [0x00000000a0000000,0x00000000a3216a18,0x00000000a6980000)
 Metaspace       used 62545K, capacity 64400K, committed 64640K, reserved 1105920K
  class space    used 8082K, capacity 8505K, committed 8576K, reserved 1048576K
Event: 89.453 GC heap after
Heap after GC invocations=31 (full 3):
 PSYoungGen      total 168448K, used 17381K [0x00000000e0000000, 0x00000000ecc80000, 0x0000000100000000)
  eden space 151040K, 0% used [0x00000000e0000000,0x00000000e0000000,0x00000000e9380000)
  from space 17408K, 99% used [0x00000000eac00000,0x00000000ebcf9738,0x00000000ebd00000)
  to   space 25088K, 0% used [0x00000000e9380000,0x00000000e9380000,0x00000000eac00000)
 ParOldGen       total 108032K, used 64129K [0x00000000a0000000, 0x00000000a6980000, 0x00000000e0000000)
  object space 108032K, 59% used [0x00000000a0000000,0x00000000a3ea07a8,0x00000000a6980000)
 Metaspace       used 62545K, capacity 64400K, committed 64640K, reserved 1105920K
  class space    used 8082K, capacity 8505K, committed 8576K, reserved 1048576K
}
Event: 90.063 GC heap before
{Heap before GC invocations=32 (full 3):
 PSYoungGen      total 168448K, used 168421K [0x00000000e0000000, 0x00000000ecc80000, 0x0000000100000000)
  eden space 151040K, 100% used [0x00000000e0000000,0x00000000e9380000,0x00000000e9380000)
  from space 17408K, 99% used [0x00000000eac00000,0x00000000ebcf9738,0x00000000ebd00000)
  to   space 25088K, 0% used [0x00000000e9380000,0x00000000e9380000,0x00000000eac00000)
 ParOldGen       total 108032K, used 64129K [0x00000000a0000000, 0x00000000a6980000, 0x00000000e0000000)
  object space 108032K, 59% used [0x00000000a0000000,0x00000000a3ea07a8,0x00000000a6980000)
 Metaspace       used 62593K, capacity 64528K, committed 64640K, reserved 1105920K
  class space    used 8083K, capacity 8505K, committed 8576K, reserved 1048576K
Event: 90.123 GC heap after
Heap after GC invocations=32 (full 3):
 PSYoungGen      total 176128K, used 22107K [0x00000000e0000000, 0x00000000ef300000, 0x0000000100000000)
  eden space 151040K, 0% used [0x00000000e0000000,0x00000000e0000000,0x00000000e9380000)
  from space 25088K, 88% used [0x00000000e9380000,0x00000000ea916cc0,0x00000000eac00000)
  to   space 28160K, 0% used [0x00000000ed780000,0x00000000ed780000,0x00000000ef300000)
 ParOldGen       total 108032K, used 80467K [0x00000000a0000000, 0x00000000a6980000, 0x00000000e0000000)
  object space 108032K, 74% used [0x00000000a0000000,0x00000000a4e94fc8,0x00000000a6980000)
 Metaspace       used 62593K, capacity 64528K, committed 64640K, reserved 1105920K
  class space    used 8083K, capacity 8505K, committed 8576K, reserved 1048576K
}
Event: 90.649 GC heap before
{Heap before GC invocations=33 (full 3):
 PSYoungGen      total 176128K, used 173147K [0x00000000e0000000, 0x00000000ef300000, 0x0000000100000000)
  eden space 151040K, 100% used [0x00000000e0000000,0x00000000e9380000,0x00000000e9380000)
  from space 25088K, 88% used [0x00000000e9380000,0x00000000ea916cc0,0x00000000eac00000)
  to   space 28160K, 0% used [0x00000000ed780000,0x00000000ed780000,0x00000000ef300000)
 ParOldGen       total 108032K, used 80467K [0x00000000a0000000, 0x00000000a6980000, 0x00000000e0000000)
  object space 108032K, 74% used [0x00000000a0000000,0x00000000a4e94fc8,0x00000000a6980000)
 Metaspace       used 62660K, capacity 64592K, committed 64896K, reserved 1105920K
  class space    used 8085K, capacity 8505K, committed 8576K, reserved 1048576K
Event: 90.713 GC heap after
Heap after GC invocations=33 (full 3):
 PSYoungGen      total 218112K, used 22036K [0x00000000e0000000, 0x00000000ef880000, 0x0000000100000000)
  eden space 189952K, 0% used [0x00000000e0000000,0x00000000e0000000,0x00000000eb980000)
  from space 28160K, 78% used [0x00000000ed780000,0x00000000eed05238,0x00000000ef300000)
  to   space 30720K, 0% used [0x00000000eb980000,0x00000000eb980000,0x00000000ed780000)
 ParOldGen       total 108032K, used 100643K [0x00000000a0000000, 0x00000000a6980000, 0x00000000e0000000)
  object space 108032K, 93% used [0x00000000a0000000,0x00000000a6248f60,0x00000000a6980000)
 Metaspace       used 62660K, capacity 64592K, committed 64896K, reserved 1105920K
  class space    used 8085K, capacity 8505K, committed 8576K, reserved 1048576K
}
Event: 90.725 GC heap before
{Heap before GC invocations=34 (full 4):
 PSYoungGen      total 218112K, used 22036K [0x00000000e0000000, 0x00000000ef880000, 0x0000000100000000)
  eden space 189952K, 0% used [0x00000000e0000000,0x00000000e0000000,0x00000000eb980000)
  from space 28160K, 78% used [0x00000000ed780000,0x00000000eed05238,0x00000000ef300000)
  to   space 30720K, 0% used [0x00000000eb980000,0x00000000eb980000,0x00000000ed780000)
 ParOldGen       total 108032K, used 100643K [0x00000000a0000000, 0x00000000a6980000, 0x00000000e0000000)
  object space 108032K, 93% used [0x00000000a0000000,0x00000000a6248f60,0x00000000a6980000)
 Metaspace       used 62660K, capacity 64592K, committed 64896K, reserved 1105920K
  class space    used 8085K, capacity 8505K, committed 8576K, reserved 1048576K

